<?xml version="1.0" encoding="UTF-8"?>
<!-- Generated by org.testng.reporters.JUnitReportReporter -->
<testsuite hostname="DESKTOP-5DB6H55" failures="0" tests="2" name="E2EcargoProject.Pdfutil_Test" time="0.000" errors="0" timestamp="2021-08-29T21:51:36 IST" skipped="2">
  <testcase classname="E2EcargoProject.Pdfutil_Test" name="pdfTest" time="0.000">
    <skipped/>
  </testcase> <!-- pdfTest -->
  <system-out/>
  <testcase classname="E2EcargoProject.Pdfutil_Test" name="compareTwoPDFVisually" time="0.000">
    <skipped/>
  </testcase> <!-- compareTwoPDFVisually -->
  <system-out/>
</testsuite> <!-- E2EcargoProject.Pdfutil_Test -->
