<?xml version="1.0" encoding="UTF-8"?>
<!-- Generated by org.testng.reporters.JUnitReportReporter -->
<testsuite hostname="DESKTOP-5DB6H55" failures="0" tests="1" name="E2EcargoProject.EcargoLoginpageTest" time="0.198" errors="0" timestamp="2021-08-28T23:29:06 IST" skipped="0">
  <testcase classname="E2EcargoProject.EcargoLoginpageTest" name="Bookingflow" time="0.198"/>
  <system-out/>
</testsuite> <!-- E2EcargoProject.EcargoLoginpageTest -->
