<?xml version="1.0" encoding="UTF-8"?>
<!-- Generated by org.testng.reporters.JUnitReportReporter -->
<testsuite hostname="DESKTOP-5DB6H55" failures="0" tests="1" name="com.bkg.bookingpageobjects.Booking_Cancel_Test" time="35.060" errors="0" timestamp="2021-08-28T19:42:49 IST" skipped="0">
  <testcase classname="com.bkg.bookingpageobjects.Booking_Cancel_Test" name="Bookingflow" time="35.060"/>
  <system-out/>
</testsuite> <!-- com.bkg.bookingpageobjects.Booking_Cancel_Test -->
