<?xml version="1.0" encoding="UTF-8"?>
<!-- Generated by org.testng.reporters.JUnitReportReporter -->
<testsuite hostname="DESKTOP-5DB6H55" failures="0" tests="1" name="E2EcargoProject.EcargoBkg_Cancel_Test" time="35.085" errors="0" timestamp="2021-08-30T14:50:06 IST" skipped="0">
  <testcase classname="E2EcargoProject.EcargoBkg_Cancel_Test" name="Booking_Cancel_Flow" time="35.085"/>
  <system-out/>
</testsuite> <!-- E2EcargoProject.EcargoBkg_Cancel_Test -->
