<?xml version="1.0" encoding="UTF-8"?>
<!-- Generated by org.testng.reporters.JUnitReportReporter -->
<testsuite hostname="DESKTOP-5DB6H55" failures="0" tests="1" name="E2EcargoProject.EcargoBkg_Cancel_Test" time="45.945" errors="0" timestamp="2021-09-24T15:39:49 IST" skipped="0">
  <testcase classname="E2EcargoProject.EcargoBkg_Cancel_Test" name="Booking_Cancel_Flow" time="45.945"/>
  <system-out/>
</testsuite> <!-- E2EcargoProject.EcargoBkg_Cancel_Test -->
