<?xml version="1.0" encoding="UTF-8"?>
<!-- Generated by org.testng.reporters.JUnitReportReporter -->
<testsuite hostname="DESKTOP-5DB6H55" failures="0" tests="1" name="E2EcargoProject.downTest" time="8.860" errors="0" timestamp="2021-08-27T19:31:08 IST" skipped="0">
  <testcase classname="E2EcargoProject.downTest" name="Testing" time="8.860"/>
  <system-out/>
</testsuite> <!-- E2EcargoProject.downTest -->
