<?xml version="1.0" encoding="UTF-8"?>
<!-- Generated by org.testng.reporters.JUnitReportReporter -->
<testsuite hostname="DESKTOP-5DB6H55" failures="0" tests="1" name="E2EcargoProject.EcargoBkg_Create_Test" time="164.429" errors="0" timestamp="2021-08-30T19:11:31 IST" skipped="0">
  <testcase classname="E2EcargoProject.EcargoBkg_Create_Test" name="Manual_Booking_Flow" time="164.429"/>
  <system-out/>
</testsuite> <!-- E2EcargoProject.EcargoBkg_Create_Test -->
