<?xml version="1.0" encoding="UTF-8"?>
<!-- Generated by org.testng.reporters.JUnitReportReporter -->
<testsuite hostname="DESKTOP-5DB6H55" failures="0" tests="1" name="E2EcargoProject.EcargoBkgcreate_Test" time="0.000" errors="0" timestamp="2021-08-29T21:51:36 IST" skipped="1">
  <testcase classname="E2EcargoProject.EcargoBkgcreate_Test" name="Bookingflow" time="0.000">
    <skipped/>
  </testcase> <!-- Bookingflow -->
  <system-out/>
</testsuite> <!-- E2EcargoProject.EcargoBkgcreate_Test -->
