<?xml version="1.0" encoding="UTF-8"?>
<!-- Generated by org.testng.reporters.JUnitReportReporter -->
<testsuite hostname="DESKTOP-5DB6H55" failures="0" tests="1" name="E2EcargoProject.Testing" time="35.757" errors="0" timestamp="2021-11-03T17:24:48 IST" skipped="0">
  <testcase classname="E2EcargoProject.Testing" name="Pract" time="35.757"/>
  <system-out/>
</testsuite> <!-- E2EcargoProject.Testing -->
