<?xml version="1.0" encoding="UTF-8"?>
<!-- Generated by org.testng.reporters.JUnitReportReporter -->
<testsuite hostname="DESKTOP-5DB6H55" failures="0" tests="1" name="E2EcargoProject.EcargoLoginpage_Test" time="0.244" errors="0" timestamp="2021-11-20T15:31:17 IST" skipped="0">
  <testcase classname="E2EcargoProject.EcargoLoginpage_Test" name="Login_PositiveCase_Test" time="0.244"/>
  <system-out/>
</testsuite> <!-- E2EcargoProject.EcargoLoginpage_Test -->
