<?xml version="1.0" encoding="UTF-8"?>
<!-- Generated by org.testng.reporters.JUnitReportReporter -->
<testsuite hostname="DESKTOP-5DB6H55" failures="0" tests="2" name="E2EcargoProject.Pdfutil" time="2.040" errors="0" timestamp="2021-08-29T21:16:34 IST" skipped="0">
  <testcase classname="E2EcargoProject.Pdfutil" name="pdfTest" time="0.553"/>
  <system-out/>
  <testcase classname="E2EcargoProject.Pdfutil" name="compareTwoPDFVisually" time="1.487"/>
  <system-out/>
</testsuite> <!-- E2EcargoProject.Pdfutil -->
