<?xml version="1.0" encoding="UTF-8"?>
<!-- Generated by org.testng.reporters.JUnitReportReporter -->
<testsuite hostname="DESKTOP-5DB6H55" failures="0" tests="2" name="E2EcargoProject.Pdfutil_Test" time="3.227" errors="0" timestamp="2021-08-30T19:12:17 IST" skipped="0">
  <testcase classname="E2EcargoProject.Pdfutil_Test" name="pdfTest" time="0.561"/>
  <system-out/>
  <testcase classname="E2EcargoProject.Pdfutil_Test" name="compareTwoPDFVisually" time="2.666"/>
  <system-out/>
</testsuite> <!-- E2EcargoProject.Pdfutil_Test -->
