<?xml version="1.0" encoding="UTF-8"?>
<!-- Generated by org.testng.reporters.JUnitReportReporter -->
<testsuite hostname="DESKTOP-5DB6H55" failures="0" tests="1" name="E2EcargoProject.EcargoLoginpage_Test" time="0.219" errors="0" timestamp="2021-08-29T22:17:04 IST" skipped="0">
  <testcase classname="E2EcargoProject.EcargoLoginpage_Test" name="Bookingflow" time="0.219"/>
  <system-out/>
</testsuite> <!-- E2EcargoProject.EcargoLoginpage_Test -->
