<?xml version="1.0" encoding="UTF-8"?>
<!-- Generated by org.testng.reporters.JUnitReportReporter -->
<testsuite hostname="DESKTOP-5DB6H55" failures="0" tests="1" name="E2EcargoProject.EcargoBkgcreateTest" time="157.826" errors="0" timestamp="2021-08-28T23:38:59 IST" skipped="0">
  <testcase classname="E2EcargoProject.EcargoBkgcreateTest" name="Bookingflow" time="157.826"/>
  <system-out/>
</testsuite> <!-- E2EcargoProject.EcargoBkgcreateTest -->
