<?xml version="1.0" encoding="UTF-8"?>
<!-- Generated by org.testng.reporters.JUnitReportReporter -->
<testsuite skipped="1" hostname="DESKTOP-5DB6H55" name="E2EcargoProject.EcargoLoginFailTest" tests="1" failures="0" timestamp="11 Aug 2021 06:57:03 GMT" time="0.000" errors="0">
  <testcase name="Browser" time="0.000" classname="E2EcargoProject.EcargoLoginFailTest">
    <skipped/>
  </testcase> <!-- Browser -->
</testsuite> <!-- E2EcargoProject.EcargoLoginFailTest -->
